<?xml version="1.0" encoding="UTF-8"?>
<testsuite xmlns:xsi="http://www.w3.org/2001/XMLSchema-instance" xsi:noNamespaceSchemaLocation="https://maven.apache.org/surefire/maven-surefire-plugin/xsd/surefire-test-report-3.0.xsd" version="3.0" name="org.NBITPROJECT.bouncer.BouncerTest" time="0.126" tests="12" errors="0" skipped="0" failures="1">
  <properties>
[...]
</properties>
  <testcase name="testNullPassword" classname="org.NBITPROJECT.bouncer.BouncerTest" time="0.032"/>
  <testcase name="testValidPassword" classname="org.NBITPROJECT.bouncer.BouncerTest" time="0.031">
    <failure message="expected: &lt;true&gt; but was: &lt;false&gt;" type="org.opentest4j.AssertionFailedError"><![CDATA[org.opentest4j.AssertionFailedError: expected: <true> but was: <false>
	at org.junit.jupiter.api.AssertionFailureBuilder.build(AssertionFailureBuilder.java:151)
	at org.junit.jupiter.api.AssertionFailureBuilder.buildAndThrow(AssertionFailureBuilder.java:132)
	at org.junit.jupiter.api.AssertTrue.failNotTrue(AssertTrue.java:63)
	at org.junit.jupiter.api.AssertTrue.assertTrue(AssertTrue.java:36)
	at org.junit.jupiter.api.AssertTrue.assertTrue(AssertTrue.java:31)
	at org.junit.jupiter.api.Assertions.assertTrue(Assertions.java:183)
	at org.NBITPROJECT.bouncer.BouncerTest.testValidPassword(BouncerTest.java:36)
	at java.base/java.lang.reflect.Method.invoke(Method.java:580)
	at java.base/java.util.ArrayList.forEach(ArrayList.java:1597)
	at java.base/java.util.ArrayList.forEach(ArrayList.java:1597)
]]></failure>
  </testcase>
  <testcase name="testEdgeCaseMaxLength" classname="org.NBITPROJECT.bouncer.BouncerTest" time="0.0"/>
  <testcase name="testEdgeCaseMinLength" classname="org.NBITPROJECT.bouncer.BouncerTest" time="0.0"/>
  <testcase name="testTooLongPassword" classname="org.NBITPROJECT.bouncer.BouncerTest" time="0.0"/>
  <testcase name="testContainsTab" classname="org.NBITPROJECT.bouncer.BouncerTest" time="0.0"/>
  <testcase name="testMissingDigit" classname="org.NBITPROJECT.bouncer.BouncerTest" time="0.0"/>
  <testcase name="testContainsSpace" classname="org.NBITPROJECT.bouncer.BouncerTest" time="0.0"/>
  <testcase name="testMissingSpecialCharacter" classname="org.NBITPROJECT.bouncer.BouncerTest" time="0.0"/>
  <testcase name="testEmptyPassword" classname="org.NBITPROJECT.bouncer.BouncerTest" time="0.0"/>
  <testcase name="testTooShortPassword" classname="org.NBITPROJECT.bouncer.BouncerTest" time="0.0"/>
  <testcase name="testMissingUppercase" classname="org.NBITPROJECT.bouncer.BouncerTest" time="0.0"/>
</testsuite>